<?xml version="1.0" encoding="UTF-8"?>
<testsuite xmlns:xsi="http://www.w3.org/2001/XMLSchema-instance" xsi:noNamespaceSchemaLocation="https://maven.apache.org/surefire/maven-surefire-plugin/xsd/surefire-test-report.xsd" name="ds.SegmentTreeTest" time="1.272" tests="2" errors="0" skipped="0" failures="0">
  <properties>
    <property name="gopherProxySet" value="false"/>
    <property name="awt.toolkit" value="sun.lwawt.macosx.LWCToolkit"/>
    <property name="file.encoding.pkg" value="sun.io"/>
    <property name="java.specification.version" value="1.8"/>
    <property name="sun.cpu.isalist" value=""/>
    <property name="sun.jnu.encoding" value="UTF-8"/>
    <property name="java.class.path" value="/Users/mstepan/repo/uva-online-judge/target/test-classes:/Users/mstepan/repo/uva-online-judge/target/classes:/Users/mstepan/.m2/repository/junit/junit/4.12/junit-4.12.jar:/Users/mstepan/.m2/repository/org/hamcrest/hamcrest-core/1.3/hamcrest-core-1.3.jar:"/>
    <property name="java.vm.vendor" value="Oracle Corporation"/>
    <property name="sun.arch.data.model" value="64"/>
    <property name="java.vendor.url" value="http://java.oracle.com/"/>
    <property name="user.timezone" value=""/>
    <property name="java.vm.specification.version" value="1.8"/>
    <property name="os.name" value="Mac OS X"/>
    <property name="sun.java.launcher" value="SUN_STANDARD"/>
    <property name="user.country" value="UA"/>
    <property name="sun.boot.library.path" value="/Library/Java/JavaVirtualMachines/graalvm-ee-1.0.0-rc5/Contents/Home/jre/lib"/>
    <property name="sun.java.command" value="/Users/mstepan/repo/uva-online-judge/target/surefire/surefirebooter4662894203889173830.jar /Users/mstepan/repo/uva-online-judge/target/surefire 2018-11-15T16-42-36_194-jvmRun1 surefire3472287299849029785tmp surefire_08926979235495555755tmp"/>
    <property name="surefire.test.class.path" value="/Users/mstepan/repo/uva-online-judge/target/test-classes:/Users/mstepan/repo/uva-online-judge/target/classes:/Users/mstepan/.m2/repository/junit/junit/4.12/junit-4.12.jar:/Users/mstepan/.m2/repository/org/hamcrest/hamcrest-core/1.3/hamcrest-core-1.3.jar:"/>
    <property name="sun.cpu.endian" value="little"/>
    <property name="user.home" value="/Users/mstepan"/>
    <property name="user.language" value="en"/>
    <property name="java.specification.vendor" value="Oracle Corporation"/>
    <property name="java.home" value="/Library/Java/JavaVirtualMachines/graalvm-ee-1.0.0-rc5/Contents/Home/jre"/>
    <property name="basedir" value="/Users/mstepan/repo/uva-online-judge"/>
    <property name="file.separator" value="/"/>
    <property name="line.separator" value="&#10;"/>
    <property name="java.vm.specification.vendor" value="Oracle Corporation"/>
    <property name="java.specification.name" value="Java Platform API Specification"/>
    <property name="java.awt.graphicsenv" value="sun.awt.CGraphicsEnvironment"/>
    <property name="surefire.real.class.path" value="/Users/mstepan/repo/uva-online-judge/target/surefire/surefirebooter4662894203889173830.jar"/>
    <property name="sun.boot.class.path" value="/Library/Java/JavaVirtualMachines/graalvm-ee-1.0.0-rc5/Contents/Home/jre/lib/resources.jar:/Library/Java/JavaVirtualMachines/graalvm-ee-1.0.0-rc5/Contents/Home/jre/lib/rt.jar:/Library/Java/JavaVirtualMachines/graalvm-ee-1.0.0-rc5/Contents/Home/jre/lib/sunrsasign.jar:/Library/Java/JavaVirtualMachines/graalvm-ee-1.0.0-rc5/Contents/Home/jre/lib/jsse.jar:/Library/Java/JavaVirtualMachines/graalvm-ee-1.0.0-rc5/Contents/Home/jre/lib/jce.jar:/Library/Java/JavaVirtualMachines/graalvm-ee-1.0.0-rc5/Contents/Home/jre/lib/charsets.jar:/Library/Java/JavaVirtualMachines/graalvm-ee-1.0.0-rc5/Contents/Home/jre/lib/jfr.jar:/Library/Java/JavaVirtualMachines/graalvm-ee-1.0.0-rc5/Contents/Home/jre/lib/jvmci-services.jar:/Library/Java/JavaVirtualMachines/graalvm-ee-1.0.0-rc5/Contents/Home/jre/classes:/Library/Java/JavaVirtualMachines/graalvm-ee-1.0.0-rc5/Contents/Home/jre/lib/boot/graaljs-scriptengine.jar:/Library/Java/JavaVirtualMachines/graalvm-ee-1.0.0-rc5/Contents/Home/jre/lib/boot/graal-sdk.src.zip:/Library/Java/JavaVirtualMachines/graalvm-ee-1.0.0-rc5/Contents/Home/jre/lib/boot/graal-sdk.jar"/>
    <property name="sun.management.compiler" value="HotSpot 64-Bit Tiered Compilers"/>
    <property name="java.runtime.version" value="1.8.0_172-b11"/>
    <property name="user.name" value="mstepan"/>
    <property name="path.separator" value=":"/>
    <property name="os.version" value="10.13.6"/>
    <property name="java.endorsed.dirs" value="/Library/Java/JavaVirtualMachines/graalvm-ee-1.0.0-rc5/Contents/Home/jre/lib/endorsed"/>
    <property name="java.runtime.name" value="Java(TM) SE Runtime Environment"/>
    <property name="file.encoding" value="UTF-8"/>
    <property name="java.vm.name" value="GraalVM 1.0.0-rc5"/>
    <property name="jvmci.Compiler" value="graal"/>
    <property name="localRepository" value="/Users/mstepan/.m2/repository"/>
    <property name="java.vendor.url.bug" value="http://bugreport.sun.com/bugreport/"/>
    <property name="java.io.tmpdir" value="/var/folders/mk/c8l5q0g97kv__rggn4b7z3c40000gn/T/"/>
    <property name="java.version" value="1.8.0_172"/>
    <property name="user.dir" value="/Users/mstepan/repo/uva-online-judge"/>
    <property name="os.arch" value="x86_64"/>
    <property name="java.vm.specification.name" value="Java Virtual Machine Specification"/>
    <property name="java.awt.printerjob" value="sun.lwawt.macosx.CPrinterJob"/>
    <property name="sun.os.patch.level" value="unknown"/>
    <property name="java.library.path" value="/Users/mstepan/Library/Java/Extensions:/Library/Java/Extensions:/Network/Library/Java/Extensions:/System/Library/Java/Extensions:/usr/lib/java:."/>
    <property name="java.vm.info" value="mixed mode"/>
    <property name="java.vendor" value="Oracle Corporation"/>
    <property name="java.vm.version" value="25.71-b01-internal-jvmci-0.46"/>
    <property name="java.ext.dirs" value="/Users/mstepan/Library/Java/Extensions:/Library/Java/JavaVirtualMachines/graalvm-ee-1.0.0-rc5/Contents/Home/jre/lib/ext:/Library/Java/Extensions:/Network/Library/Java/Extensions:/System/Library/Java/Extensions:/usr/lib/java"/>
    <property name="sun.io.unicode.encoding" value="UnicodeBig"/>
    <property name="java.class.version" value="52.0"/>
  </properties>
  <testcase name="rangeMinimumQueryWithUpdatesRandomArrays" classname="ds.SegmentTreeTest" time="1.232"/>
  <testcase name="rangeMinimumQueryWithUpdates" classname="ds.SegmentTreeTest" time="0"/>
</testsuite>